[20:48:24] [main/INFO] (FabricLoader/GameProvider) Loading Minecraft 1.21.3 with Fabric Loader 0.16.9
[20:48:24] [main/INFO] (FabricLoader) Loading 54 mods:
	- fabric-api 0.109.0+1.21.3
	- fabric-api-base 0.4.50+119c825640
	- fabric-api-lookup-api-v1 1.6.81+fd37071f40
	- fabric-biome-api-v1 14.0.6+fd37071f40
	- fabric-block-api-v1 1.0.28+fd37071f40
	- fabric-block-view-api-v2 1.0.16+fd37071f40
	- fabric-blockrenderlayer-v1 2.0.4+fd37071f40
	- fabric-client-tags-api-v1 1.1.24+fd37071f40
	- fabric-command-api-v1 1.2.58+f71b366f40
	- fabric-command-api-v2 2.2.37+c9d82ab240
	- fabric-commands-v0 0.2.75+df3654b340
	- fabric-content-registries-v0 9.1.8+fd37071f40
	- fabric-convention-tags-v1 2.1.3+7f945d5b40
	- fabric-convention-tags-v2 2.9.3+84ebbb0e40
	- fabric-crash-report-info-v1 0.3.3+fd37071f40
	- fabric-data-attachment-api-v1 1.4.0+dbad41f140
	- fabric-data-generation-api-v1 21.0.17+fd37071f40
	- fabric-dimensions-v1 4.0.7+fd37071f40
	- fabric-entity-events-v1 2.0.8+825023f840
	- fabric-events-interaction-v0 2.0.12+c2c3ac4740
	- fabric-game-rule-api-v1 1.0.59+fd37071f40
	- fabric-gametest-api-v1 2.0.15+fd37071f40
	- fabric-item-api-v1 11.1.7+fd37071f40
	- fabric-item-group-api-v1 4.1.17+fd37071f40
	- fabric-key-binding-api-v1 1.0.53+fd37071f40
	- fabric-keybindings-v0 0.2.51+df3654b340
	- fabric-lifecycle-events-v1 2.5.1+6da5ef6940
	- fabric-loot-api-v2 3.0.26+3f89f5a540
	- fabric-loot-api-v3 1.0.14+fd37071f40
	- fabric-message-api-v1 6.0.21+fd37071f40
	- fabric-model-loading-api-v1 3.0.9+fd37071f40
	- fabric-networking-api-v1 4.3.5+fd37071f40
	- fabric-object-builder-api-v1 17.0.9+fd37071f40
	- fabric-particles-v1 4.0.10+fd37071f40
	- fabric-recipe-api-v1 7.0.4+fd37071f40
	- fabric-registry-sync-v0 5.2.2+fd37071f40
	- fabric-renderer-api-v1 4.0.5+fd37071f40
	- fabric-renderer-indigo 1.9.5+fd37071f40
	- fabric-rendering-data-attachment-v1 0.3.54+73761d2e40
	- fabric-rendering-fluids-v1 3.1.15+fd37071f40
	- fabric-rendering-v0 1.1.83+df3654b340
	- fabric-rendering-v1 8.0.7+fd37071f40
	- fabric-resource-conditions-api-v1 5.0.8+fd37071f40
	- fabric-resource-loader-v0 3.0.6+fd37071f40
	- fabric-screen-api-v1 2.0.34+fd37071f40
	- fabric-screen-handler-api-v1 1.3.100+fd37071f40
	- fabric-sound-api-v1 1.0.29+fd37071f40
	- fabric-transfer-api-v1 5.4.3+fd37071f40
	- fabric-transitive-access-wideners-v1 6.1.8+fd37071f40
	- fabricloader 0.16.9
	- java 23
	- minecraft 1.21.3
	- mixinextras 0.4.1
	- thevoid 1.0.0
[20:48:24] [main/INFO] (FabricLoader/Mixin) SpongePowered MIXIN Subsystem Version=0.8.7 Source=file:/home/Chronos/.gradle/caches/modules-2/files-2.1/net.fabricmc/sponge-mixin/0.15.4+mixin.0.8.7/6a12aacc794f1078458433116e9ed42c1cc98096/sponge-mixin-0.15.4+mixin.0.8.7.jar Service=Knot/Fabric Env=CLIENT
[20:48:24] [main/INFO] (FabricLoader/Mixin) Loaded Fabric development mappings for mixin remapper!
[20:48:24] [main/INFO] (FabricLoader/Mixin) Compatibility level set to JAVA_21
[20:48:25] [main/INFO] (FabricLoader/MixinExtras|Service) Initializing MixinExtras via com.llamalad7.mixinextras.service.MixinExtrasServiceImpl(version=0.4.1).
[20:48:26] [Datafixer Bootstrap/INFO] (Minecraft) 237 Datafixer optimizations took 260 milliseconds
[20:48:31] [Render thread/INFO] (Minecraft) Environment: Environment[sessionHost=https://sessionserver.mojang.com, servicesHost=https://api.minecraftservices.com, name=PROD]
[20:48:31] [Render thread/INFO] (Minecraft) Setting user: Player528
[20:48:31] [Render thread/INFO] (Minecraft) [STDOUT]: The_Void initialized!
